100E, Bagging, lr_schedule(.0038, .076)
--------------------------------------

Epoch: 1 ; lr: 0.0038 ; Loss:  3.4041 ; Train Acc: 0.0081 time spend on train method = 16.86s
; Val. Acc: 0.1360 ; Best: 0.135996 time spend on validate method = 1.45s
Epoch: 2 ; lr: 0.0038 ; Loss:  1.2434 ; Train Acc: 0.0127 time spend on train method = 14.82s
; Val. Acc: 0.2978 ; Best: 0.297776 time spend on validate method = 1.44s
Epoch: 3 ; lr: 0.0038 ; Loss:  0.7830 ; Train Acc: 0.0162 time spend on train method = 14.87s
; Val. Acc: 0.2907 ; Best: 0.297776 time spend on validate method = 1.44s
Epoch: 4 ; lr: 0.0038 ; Loss:  0.6580 ; Train Acc: 0.0172 time spend on train method = 14.83s
; Val. Acc: 0.2629 ; Best: 0.297776 time spend on validate method = 1.44s
Epoch: 5 ; lr: 0.0038 ; Loss:  0.5791 ; Train Acc: 0.0179 time spend on train method = 14.76s
; Val. Acc: 0.5536 ; Best: 0.553589 time spend on validate method = 1.44s
Epoch: 6 ; lr: 0.0038 ; Loss:  0.5245 ; Train Acc: 0.0181 time spend on train method = 14.82s
; Val. Acc: 0.3761 ; Best: 0.553589 time spend on validate method = 1.44s
Epoch: 7 ; lr: 0.0038 ; Loss:  0.4894 ; Train Acc: 0.0184 time spend on train method = 14.88s
; Val. Acc: 0.7427 ; Best: 0.742669 time spend on validate method = 1.46s
Epoch: 8 ; lr: 0.0038 ; Loss:  0.4643 ; Train Acc: 0.0185 time spend on train method = 14.59s
; Val. Acc: 0.7240 ; Best: 0.742669 time spend on validate method = 1.46s
Epoch: 9 ; lr: 0.0038 ; Loss:  0.3537 ; Train Acc: 0.0192 time spend on train method = 15.04s
; Val. Acc: 0.6678 ; Best: 0.742669 time spend on validate method = 1.48s
Epoch: 10 ; lr: 0.0038 ; Loss:  0.3678 ; Train Acc: 0.0192 time spend on train method = 14.73s
; Val. Acc: 0.7720 ; Best: 0.771992 time spend on validate method = 1.47s
Epoch: 11 ; lr: 0.0038 ; Loss:  0.3338 ; Train Acc: 0.0195 time spend on train method = 14.80s
; Val. Acc: 0.7224 ; Best: 0.771992 time spend on validate method = 1.45s
Epoch: 12 ; lr: 0.0038 ; Loss:  0.3163 ; Train Acc: 0.0195 time spend on train method = 15.00s
; Val. Acc: 0.7037 ; Best: 0.771992 time spend on validate method = 1.45s
Epoch: 13 ; lr: 0.0038 ; Loss:  0.3154 ; Train Acc: 0.0195 time spend on train method = 14.97s
; Val. Acc: 0.7912 ; Best: 0.791203 time spend on validate method = 1.46s
Epoch: 14 ; lr: 0.0038 ; Loss:  0.2818 ; Train Acc: 0.0199 time spend on train method = 14.87s
; Val. Acc: 0.8751 ; Best: 0.875126 time spend on validate method = 1.45s
Epoch: 15 ; lr: 0.0038 ; Loss:  0.2863 ; Train Acc: 0.0197 time spend on train method = 15.04s
; Val. Acc: 0.8311 ; Best: 0.875126 time spend on validate method = 1.45s
Epoch: 16 ; lr: 0.0038 ; Loss:  0.2838 ; Train Acc: 0.0197 time spend on train method = 15.09s
; Val. Acc: 0.7937 ; Best: 0.875126 time spend on validate method = 1.45s
Epoch: 17 ; lr: 0.0038 ; Loss:  0.2393 ; Train Acc: 0.0200 time spend on train method = 14.70s
; Val. Acc: 0.8236 ; Best: 0.875126 time spend on validate method = 1.50s
Epoch: 18 ; lr: 0.0038 ; Loss:  0.2482 ; Train Acc: 0.0199 time spend on train method = 14.80s
; Val. Acc: 0.8625 ; Best: 0.875126 time spend on validate method = 1.47s
Epoch: 19 ; lr: 0.0038 ; Loss:  0.2591 ; Train Acc: 0.0199 time spend on train method = 14.71s
; Val. Acc: 0.8878 ; Best: 0.887765 time spend on validate method = 1.48s
Epoch: 20 ; lr: 0.0038 ; Loss:  0.2369 ; Train Acc: 0.0201 time spend on train method = 14.79s
; Val. Acc: 0.8822 ; Best: 0.887765 time spend on validate method = 1.47s
Epoch: 21 ; lr: 0.0038 ; Loss:  0.2324 ; Train Acc: 0.0200 time spend on train method = 14.91s
; Val. Acc: 0.8190 ; Best: 0.887765 time spend on validate method = 1.47s
Epoch: 22 ; lr: 0.0038 ; Loss:  0.2208 ; Train Acc: 0.0202 time spend on train method = 14.86s
; Val. Acc: 0.8473 ; Best: 0.887765 time spend on validate method = 1.45s
Epoch: 23 ; lr: 0.0038 ; Loss:  0.2341 ; Train Acc: 0.0200 time spend on train method = 14.73s
; Val. Acc: 0.7947 ; Best: 0.887765 time spend on validate method = 1.46s
Epoch: 24 ; lr: 0.0038 ; Loss:  0.2079 ; Train Acc: 0.0202 time spend on train method = 14.64s
; Val. Acc: 0.8721 ; Best: 0.887765 time spend on validate method = 1.45s
Epoch: 25 ; lr: 0.0038 ; Loss:  0.1961 ; Train Acc: 0.0203 time spend on train method = 14.69s
; Val. Acc: 0.7300 ; Best: 0.887765 time spend on validate method = 1.45s
Epoch: 26 ; lr: 0.0038 ; Loss:  0.2118 ; Train Acc: 0.0202 time spend on train method = 14.76s
; Val. Acc: 0.8453 ; Best: 0.887765 time spend on validate method = 1.46s
Epoch: 27 ; lr: 0.0038 ; Loss:  0.1859 ; Train Acc: 0.0203 time spend on train method = 14.73s
; Val. Acc: 0.8736 ; Best: 0.887765 time spend on validate method = 1.44s
Epoch: 28 ; lr: 0.0038 ; Loss:  0.1983 ; Train Acc: 0.0203 time spend on train method = 14.66s
; Val. Acc: 0.8099 ; Best: 0.887765 time spend on validate method = 1.44s
Epoch: 29 ; lr: 0.0038 ; Loss:  0.1953 ; Train Acc: 0.0203 time spend on train method = 14.89s
; Val. Acc: 0.6775 ; Best: 0.887765 time spend on validate method = 1.44s
Epoch: 30 ; lr: 0.0038 ; Loss:  0.2113 ; Train Acc: 0.0202 time spend on train method = 14.64s
; Val. Acc: 0.8655 ; Best: 0.887765 time spend on validate method = 1.44s
Epoch: 31 ; lr: 0.0038 ; Loss:  0.1690 ; Train Acc: 0.0205 time spend on train method = 14.80s
; Val. Acc: 0.9156 ; Best: 0.915571 time spend on validate method = 1.46s
Epoch: 32 ; lr: 0.0038 ; Loss:  0.1641 ; Train Acc: 0.0205 time spend on train method = 14.71s
; Val. Acc: 0.8625 ; Best: 0.915571 time spend on validate method = 1.44s
Epoch: 33 ; lr: 0.0038 ; Loss:  0.1701 ; Train Acc: 0.0205 time spend on train method = 14.56s
; Val. Acc: 0.8827 ; Best: 0.915571 time spend on validate method = 1.44s
Epoch: 34 ; lr: 0.0038 ; Loss:  0.1335 ; Train Acc: 0.0208 time spend on train method = 14.75s
; Val. Acc: 0.8771 ; Best: 0.915571 time spend on validate method = 1.46s
Epoch: 35 ; lr: 0.0038 ; Loss:  0.1467 ; Train Acc: 0.0206 time spend on train method = 14.69s
; Val. Acc: 0.8893 ; Best: 0.915571 time spend on validate method = 1.46s
Epoch: 36 ; lr: 0.0038 ; Loss:  0.1615 ; Train Acc: 0.0206 time spend on train method = 14.75s
; Val. Acc: 0.8857 ; Best: 0.915571 time spend on validate method = 1.46s
Epoch: 37 ; lr: 0.0038 ; Loss:  0.1681 ; Train Acc: 0.0205 time spend on train method = 14.97s
; Val. Acc: 0.8837 ; Best: 0.915571 time spend on validate method = 1.45s
Epoch: 38 ; lr: 0.0038 ; Loss:  0.1457 ; Train Acc: 0.0207 time spend on train method = 14.90s
; Val. Acc: 0.8979 ; Best: 0.915571 time spend on validate method = 1.47s
Epoch: 39 ; lr: 0.0038 ; Loss:  0.2098 ; Train Acc: 0.0202 time spend on train method = 14.69s
; Val. Acc: 0.8488 ; Best: 0.915571 time spend on validate method = 1.47s
Epoch: 40 ; lr: 0.0038 ; Loss:  0.1650 ; Train Acc: 0.0205 time spend on train method = 14.79s
; Val. Acc: 0.8994 ; Best: 0.915571 time spend on validate method = 1.48s
Epoch: 41 ; lr: 0.0038 ; Loss:  0.1377 ; Train Acc: 0.0207 time spend on train method = 14.92s
; Val. Acc: 0.9206 ; Best: 0.920627 time spend on validate method = 1.46s
Epoch: 42 ; lr: 0.0038 ; Loss:  0.1321 ; Train Acc: 0.0207 time spend on train method = 14.88s
; Val. Acc: 0.9201 ; Best: 0.920627 time spend on validate method = 1.45s
Epoch: 43 ; lr: 0.0038 ; Loss:  0.1286 ; Train Acc: 0.0207 time spend on train method = 15.46s
; Val. Acc: 0.8873 ; Best: 0.920627 time spend on validate method = 1.47s
Epoch: 44 ; lr: 0.0038 ; Loss:  0.1371 ; Train Acc: 0.0207 time spend on train method = 15.07s
; Val. Acc: 0.9135 ; Best: 0.920627 time spend on validate method = 1.46s
Epoch: 45 ; lr: 0.0038 ; Loss:  0.1051 ; Train Acc: 0.0209 time spend on train method = 14.83s
; Val. Acc: 0.8766 ; Best: 0.920627 time spend on validate method = 1.47s
Epoch: 46 ; lr: 0.0038 ; Loss:  0.1263 ; Train Acc: 0.0208 time spend on train method = 14.88s
; Val. Acc: 0.8959 ; Best: 0.920627 time spend on validate method = 1.46s
Epoch: 47 ; lr: 0.0038 ; Loss:  0.1445 ; Train Acc: 0.0206 time spend on train method = 14.84s
; Val. Acc: 0.8635 ; Best: 0.920627 time spend on validate method = 1.45s
Epoch: 48 ; lr: 0.0038 ; Loss:  0.1290 ; Train Acc: 0.0208 time spend on train method = 15.04s
; Val. Acc: 0.8559 ; Best: 0.920627 time spend on validate method = 1.47s
Epoch: 49 ; lr: 0.0038 ; Loss:  0.1035 ; Train Acc: 0.0210 time spend on train method = 14.80s
; Val. Acc: 0.8979 ; Best: 0.920627 time spend on validate method = 1.46s
Epoch: 50 ; lr: 0.0038 ; Loss:  0.1162 ; Train Acc: 0.0209 time spend on train method = 14.87s
; Val. Acc: 0.8974 ; Best: 0.920627 time spend on validate method = 1.45s
Epoch: 51 ; lr: 0.0038 ; Loss:  0.1071 ; Train Acc: 0.0209 time spend on train method = 14.68s
; Val. Acc: 0.9151 ; Best: 0.920627 time spend on validate method = 1.45s
Epoch: 52 ; lr: 0.0038 ; Loss:  0.1165 ; Train Acc: 0.0209 time spend on train method = 14.76s
; Val. Acc: 0.8989 ; Best: 0.920627 time spend on validate method = 1.46s
Epoch: 53 ; lr: 0.0038 ; Loss:  0.1159 ; Train Acc: 0.0209 time spend on train method = 15.17s
; Val. Acc: 0.8761 ; Best: 0.920627 time spend on validate method = 1.47s
Epoch: 54 ; lr: 0.0038 ; Loss:  0.1058 ; Train Acc: 0.0209 time spend on train method = 14.98s
; Val. Acc: 0.8205 ; Best: 0.920627 time spend on validate method = 1.48s
Epoch: 55 ; lr: 0.0038 ; Loss:  0.1105 ; Train Acc: 0.0209 time spend on train method = 14.83s
; Val. Acc: 0.8493 ; Best: 0.920627 time spend on validate method = 1.46s
Epoch: 56 ; lr: 0.0038 ; Loss:  0.0849 ; Train Acc: 0.0211 time spend on train method = 14.62s
; Val. Acc: 0.8852 ; Best: 0.920627 time spend on validate method = 1.46s
Epoch: 57 ; lr: 0.0038 ; Loss:  0.1051 ; Train Acc: 0.0210 time spend on train method = 14.93s
; Val. Acc: 0.8524 ; Best: 0.920627 time spend on validate method = 1.45s
Epoch: 58 ; lr: 0.0038 ; Loss:  0.1104 ; Train Acc: 0.0209 time spend on train method = 14.97s
; Val. Acc: 0.9166 ; Best: 0.920627 time spend on validate method = 1.46s
Epoch: 59 ; lr: 0.0038 ; Loss:  0.1043 ; Train Acc: 0.0210 time spend on train method = 14.84s
; Val. Acc: 0.9186 ; Best: 0.920627 time spend on validate method = 1.44s
Epoch: 60 ; lr: 0.0038 ; Loss:  0.1023 ; Train Acc: 0.0210 time spend on train method = 15.30s
; Val. Acc: 0.9257 ; Best: 0.925683 time spend on validate method = 1.48s
Epoch: 61 ; lr: 0.0038 ; Loss:  0.0903 ; Train Acc: 0.0211 time spend on train method = 15.23s
; Val. Acc: 0.9019 ; Best: 0.925683 time spend on validate method = 1.45s
Epoch: 62 ; lr: 0.0038 ; Loss:  0.0948 ; Train Acc: 0.0210 time spend on train method = 15.16s
; Val. Acc: 0.9151 ; Best: 0.925683 time spend on validate method = 1.47s
Epoch: 63 ; lr: 0.0038 ; Loss:  0.0989 ; Train Acc: 0.0210 time spend on train method = 15.25s
; Val. Acc: 0.8883 ; Best: 0.925683 time spend on validate method = 1.51s
Epoch: 64 ; lr: 0.0038 ; Loss:  0.0896 ; Train Acc: 0.0211 time spend on train method = 15.42s
; Val. Acc: 0.9110 ; Best: 0.925683 time spend on validate method = 1.48s
Epoch: 65 ; lr: 0.0038 ; Loss:  0.0789 ; Train Acc: 0.0211 time spend on train method = 15.16s
; Val. Acc: 0.9120 ; Best: 0.925683 time spend on validate method = 1.44s
Epoch: 66 ; lr: 0.0038 ; Loss:  0.0834 ; Train Acc: 0.0210 time spend on train method = 14.77s
; Val. Acc: 0.9282 ; Best: 0.928210 time spend on validate method = 1.45s
Epoch: 67 ; lr: 0.0038 ; Loss:  0.0767 ; Train Acc: 0.0211 time spend on train method = 14.76s
; Val. Acc: 0.9262 ; Best: 0.928210 time spend on validate method = 1.45s
Epoch: 68 ; lr: 0.0038 ; Loss:  0.0754 ; Train Acc: 0.0212 time spend on train method = 14.64s
; Val. Acc: 0.9125 ; Best: 0.928210 time spend on validate method = 1.44s
Epoch: 69 ; lr: 0.0038 ; Loss:  0.0871 ; Train Acc: 0.0211 time spend on train method = 14.65s
; Val. Acc: 0.8842 ; Best: 0.928210 time spend on validate method = 1.44s
Epoch: 70 ; lr: 0.0038 ; Loss:  0.0948 ; Train Acc: 0.0210 time spend on train method = 14.60s
; Val. Acc: 0.8943 ; Best: 0.928210 time spend on validate method = 1.47s
Epoch: 71 ; lr: 0.0038 ; Loss:  0.0973 ; Train Acc: 0.0210 time spend on train method = 14.63s
; Val. Acc: 0.9024 ; Best: 0.928210 time spend on validate method = 1.49s
Epoch: 72 ; lr: 0.0038 ; Loss:  0.0741 ; Train Acc: 0.0212 time spend on train method = 14.55s
; Val. Acc: 0.9130 ; Best: 0.928210 time spend on validate method = 1.44s
Epoch: 73 ; lr: 0.0038 ; Loss:  0.0554 ; Train Acc: 0.0213 time spend on train method = 14.93s
; Val. Acc: 0.9242 ; Best: 0.928210 time spend on validate method = 1.46s
Epoch: 74 ; lr: 0.0038 ; Loss:  0.0633 ; Train Acc: 0.0212 time spend on train method = 14.69s
; Val. Acc: 0.8938 ; Best: 0.928210 time spend on validate method = 1.46s
Epoch: 75 ; lr: 0.0038 ; Loss:  0.0888 ; Train Acc: 0.0211 time spend on train method = 14.81s
; Val. Acc: 0.8600 ; Best: 0.928210 time spend on validate method = 1.49s
Epoch: 76 ; lr: 0.0038 ; Loss:  0.0670 ; Train Acc: 0.0212 time spend on train method = 14.80s
; Val. Acc: 0.9272 ; Best: 0.928210 time spend on validate method = 1.58s
Epoch: 77 ; lr: 0.0038 ; Loss:  0.0756 ; Train Acc: 0.0212 time spend on train method = 14.62s
; Val. Acc: 0.8913 ; Best: 0.928210 time spend on validate method = 1.46s
Epoch: 78 ; lr: 0.0038 ; Loss:  0.0693 ; Train Acc: 0.0212 time spend on train method = 14.95s
; Val. Acc: 0.9100 ; Best: 0.928210 time spend on validate method = 1.52s
Epoch: 79 ; lr: 0.0038 ; Loss:  0.0750 ; Train Acc: 0.0212 time spend on train method = 15.33s
; Val. Acc: 0.9171 ; Best: 0.928210 time spend on validate method = 1.48s
Epoch: 80 ; lr: 0.0038 ; Loss:  0.0750 ; Train Acc: 0.0211 time spend on train method = 14.91s
; Val. Acc: 0.9348 ; Best: 0.934783 time spend on validate method = 1.51s
Epoch: 81 ; lr: 0.0038 ; Loss:  0.0581 ; Train Acc: 0.0213 time spend on train method = 15.00s
; Val. Acc: 0.9115 ; Best: 0.934783 time spend on validate method = 1.58s
Epoch: 82 ; lr: 0.0038 ; Loss:  0.0643 ; Train Acc: 0.0212 time spend on train method = 15.07s
; Val. Acc: 0.9302 ; Best: 0.934783 time spend on validate method = 1.48s
Epoch: 83 ; lr: 0.0038 ; Loss:  0.0768 ; Train Acc: 0.0211 time spend on train method = 15.10s
; Val. Acc: 0.9282 ; Best: 0.934783 time spend on validate method = 1.59s
Epoch: 84 ; lr: 0.0038 ; Loss:  0.0634 ; Train Acc: 0.0213 time spend on train method = 15.16s
; Val. Acc: 0.9307 ; Best: 0.934783 time spend on validate method = 1.48s
Epoch: 85 ; lr: 0.0038 ; Loss:  0.0593 ; Train Acc: 0.0212 time spend on train method = 15.37s
; Val. Acc: 0.9237 ; Best: 0.934783 time spend on validate method = 1.51s
Epoch: 86 ; lr: 0.0038 ; Loss:  0.0745 ; Train Acc: 0.0212 time spend on train method = 15.09s
; Val. Acc: 0.9221 ; Best: 0.934783 time spend on validate method = 1.45s
Epoch: 87 ; lr: 0.0038 ; Loss:  0.0794 ; Train Acc: 0.0211 time spend on train method = 14.62s
; Val. Acc: 0.9216 ; Best: 0.934783 time spend on validate method = 1.49s
Epoch: 88 ; lr: 0.0038 ; Loss:  0.0539 ; Train Acc: 0.0213 time spend on train method = 14.95s
; Val. Acc: 0.9272 ; Best: 0.934783 time spend on validate method = 1.52s
Epoch: 89 ; lr: 0.0038 ; Loss:  0.0580 ; Train Acc: 0.0213 time spend on train method = 14.89s
; Val. Acc: 0.9146 ; Best: 0.934783 time spend on validate method = 1.49s
Epoch: 90 ; lr: 0.0038 ; Loss:  0.0514 ; Train Acc: 0.0213 time spend on train method = 15.47s
; Val. Acc: 0.8999 ; Best: 0.934783 time spend on validate method = 1.61s
Epoch: 91 ; lr: 0.0038 ; Loss:  0.0616 ; Train Acc: 0.0212 time spend on train method = 14.29s
; Val. Acc: 0.9267 ; Best: 0.934783 time spend on validate method = 1.55s
Epoch: 92 ; lr: 0.0038 ; Loss:  0.0754 ; Train Acc: 0.0212 time spend on train method = 14.39s
; Val. Acc: 0.9191 ; Best: 0.934783 time spend on validate method = 1.52s
Epoch: 93 ; lr: 0.0038 ; Loss:  0.0765 ; Train Acc: 0.0212 time spend on train method = 14.65s
; Val. Acc: 0.8751 ; Best: 0.934783 time spend on validate method = 1.49s
Epoch: 94 ; lr: 0.0038 ; Loss:  0.0794 ; Train Acc: 0.0211 time spend on train method = 14.51s
; Val. Acc: 0.9009 ; Best: 0.934783 time spend on validate method = 1.51s
Epoch: 95 ; lr: 0.0038 ; Loss:  0.0557 ; Train Acc: 0.0213 time spend on train method = 14.91s
; Val. Acc: 0.9287 ; Best: 0.934783 time spend on validate method = 1.57s
Epoch: 96 ; lr: 0.0038 ; Loss:  0.0377 ; Train Acc: 0.0214 time spend on train method = 14.50s
; Val. Acc: 0.9323 ; Best: 0.934783 time spend on validate method = 1.47s
Epoch: 97 ; lr: 0.0038 ; Loss:  0.0318 ; Train Acc: 0.0215 time spend on train method = 15.13s
; Val. Acc: 0.9419 ; Best: 0.941860 time spend on validate method = 1.54s
Epoch: 98 ; lr: 0.0038 ; Loss:  0.0417 ; Train Acc: 0.0214 time spend on train method = 15.09s
; Val. Acc: 0.9272 ; Best: 0.941860 time spend on validate method = 1.48s
Epoch: 99 ; lr: 0.0038 ; Loss:  0.0433 ; Train Acc: 0.0214 time spend on train method = 14.91s
; Val. Acc: 0.9292 ; Best: 0.941860 time spend on validate method = 1.54s
Epoch: 100 ; lr: 0.0038 ; Loss:  0.0752 ; Train Acc: 0.0212 time spend on train method = 14.44s
; Val. Acc: 0.8953 ; Best: 0.941860 time spend on validate method = 1.58s

100E, Bagging=F, lr_schedule(.0038, .076)
-----------------------------------------
Epoch: 1 ; lr: 0.0038 ; Loss:  2.8056 ; Train Acc: 0.3795 time spend on train method = 15.40s
; Val. Acc: 0.2280 ; Best: 0.228008 time spend on validate method = 1.51s
Epoch: 2 ; lr: 0.0038 ; Loss:  1.2918 ; Train Acc: 0.5790 time spend on train method = 11.94s
; Val. Acc: 0.3023 ; Best: 0.302326 time spend on validate method = 1.42s
Epoch: 3 ; lr: 0.0038 ; Loss:  0.9122 ; Train Acc: 0.7055 time spend on train method = 11.91s
; Val. Acc: 0.5647 ; Best: 0.564712 time spend on validate method = 1.45s
Epoch: 4 ; lr: 0.0038 ; Loss:  0.7396 ; Train Acc: 0.7657 time spend on train method = 12.01s
; Val. Acc: 0.6279 ; Best: 0.627907 time spend on validate method = 1.51s
Epoch: 5 ; lr: 0.0038 ; Loss:  0.6374 ; Train Acc: 0.7998 time spend on train method = 12.04s
; Val. Acc: 0.6572 ; Best: 0.657230 time spend on validate method = 1.42s
Epoch: 6 ; lr: 0.0038 ; Loss:  0.5213 ; Train Acc: 0.8349 time spend on train method = 11.82s
; Val. Acc: 0.8165 ; Best: 0.816481 time spend on validate method = 1.44s
Epoch: 7 ; lr: 0.0038 ; Loss:  0.5621 ; Train Acc: 0.8256 time spend on train method = 11.91s
; Val. Acc: 0.5950 ; Best: 0.816481 time spend on validate method = 1.44s
Epoch: 8 ; lr: 0.0038 ; Loss:  0.4467 ; Train Acc: 0.8643 time spend on train method = 11.84s
; Val. Acc: 0.8478 ; Best: 0.847826 time spend on validate method = 1.41s
Epoch: 9 ; lr: 0.0038 ; Loss:  0.3989 ; Train Acc: 0.8746 time spend on train method = 11.82s
; Val. Acc: 0.7548 ; Best: 0.847826 time spend on validate method = 1.41s
Epoch: 10 ; lr: 0.0038 ; Loss:  0.3682 ; Train Acc: 0.8868 time spend on train method = 11.87s
; Val. Acc: 0.7588 ; Best: 0.847826 time spend on validate method = 1.43s
Epoch: 11 ; lr: 0.0038 ; Loss:  0.3685 ; Train Acc: 0.8869 time spend on train method = 11.90s
; Val. Acc: 0.8160 ; Best: 0.847826 time spend on validate method = 1.43s
Epoch: 12 ; lr: 0.0038 ; Loss:  0.3487 ; Train Acc: 0.8913 time spend on train method = 11.98s
; Val. Acc: 0.4419 ; Best: 0.847826 time spend on validate method = 1.44s
Epoch: 13 ; lr: 0.0038 ; Loss:  0.3579 ; Train Acc: 0.8888 time spend on train method = 12.52s
; Val. Acc: 0.7235 ; Best: 0.847826 time spend on validate method = 1.41s
Epoch: 14 ; lr: 0.0038 ; Loss:  0.3094 ; Train Acc: 0.9005 time spend on train method = 11.89s
; Val. Acc: 0.8129 ; Best: 0.847826 time spend on validate method = 1.41s
Epoch: 15 ; lr: 0.0038 ; Loss:  0.3019 ; Train Acc: 0.9039 time spend on train method = 11.81s
; Val. Acc: 0.7872 ; Best: 0.847826 time spend on validate method = 1.42s
Epoch: 16 ; lr: 0.0038 ; Loss:  0.2944 ; Train Acc: 0.9061 time spend on train method = 11.84s
; Val. Acc: 0.8630 ; Best: 0.862993 time spend on validate method = 1.41s
Epoch: 17 ; lr: 0.0038 ; Loss:  0.2740 ; Train Acc: 0.9127 time spend on train method = 11.82s
; Val. Acc: 0.8665 ; Best: 0.866532 time spend on validate method = 1.42s
Epoch: 18 ; lr: 0.0038 ; Loss:  0.2614 ; Train Acc: 0.9179 time spend on train method = 11.79s
; Val. Acc: 0.8443 ; Best: 0.866532 time spend on validate method = 1.40s
Epoch: 19 ; lr: 0.0038 ; Loss:  0.2466 ; Train Acc: 0.9189 time spend on train method = 11.79s
; Val. Acc: 0.8655 ; Best: 0.866532 time spend on validate method = 1.41s
Epoch: 20 ; lr: 0.0038 ; Loss:  0.2481 ; Train Acc: 0.9192 time spend on train method = 11.84s
; Val. Acc: 0.7164 ; Best: 0.866532 time spend on validate method = 1.41s
Epoch: 21 ; lr: 0.0038 ; Loss:  0.2682 ; Train Acc: 0.9134 time spend on train method = 11.77s
; Val. Acc: 0.8802 ; Best: 0.880182 time spend on validate method = 1.41s
Epoch: 22 ; lr: 0.0038 ; Loss:  0.2401 ; Train Acc: 0.9239 time spend on train method = 11.83s
; Val. Acc: 0.8711 ; Best: 0.880182 time spend on validate method = 1.41s
Epoch: 23 ; lr: 0.0038 ; Loss:  0.2445 ; Train Acc: 0.9212 time spend on train method = 11.82s
; Val. Acc: 0.9024 ; Best: 0.902427 time spend on validate method = 1.41s
Epoch: 24 ; lr: 0.0038 ; Loss:  0.2441 ; Train Acc: 0.9244 time spend on train method = 11.78s
; Val. Acc: 0.8291 ; Best: 0.902427 time spend on validate method = 1.40s
Epoch: 25 ; lr: 0.0038 ; Loss:  0.2226 ; Train Acc: 0.9296 time spend on train method = 11.71s
; Val. Acc: 0.8953 ; Best: 0.902427 time spend on validate method = 1.40s
Epoch: 26 ; lr: 0.0038 ; Loss:  0.2127 ; Train Acc: 0.9309 time spend on train method = 11.78s
; Val. Acc: 0.8140 ; Best: 0.902427 time spend on validate method = 1.40s
Epoch: 27 ; lr: 0.0038 ; Loss:  0.2162 ; Train Acc: 0.9289 time spend on train method = 11.76s
; Val. Acc: 0.8342 ; Best: 0.902427 time spend on validate method = 1.44s
Epoch: 28 ; lr: 0.0038 ; Loss:  0.2323 ; Train Acc: 0.9252 time spend on train method = 11.92s
; Val. Acc: 0.8402 ; Best: 0.902427 time spend on validate method = 1.42s
Epoch: 29 ; lr: 0.0038 ; Loss:  0.2124 ; Train Acc: 0.9306 time spend on train method = 11.80s
; Val. Acc: 0.8372 ; Best: 0.902427 time spend on validate method = 1.40s
Epoch: 30 ; lr: 0.0038 ; Loss:  0.1956 ; Train Acc: 0.9363 time spend on train method = 11.75s
; Val. Acc: 0.8862 ; Best: 0.902427 time spend on validate method = 1.41s
Epoch: 31 ; lr: 0.0038 ; Loss:  0.1882 ; Train Acc: 0.9390 time spend on train method = 11.89s
; Val. Acc: 0.8761 ; Best: 0.902427 time spend on validate method = 1.43s
Epoch: 32 ; lr: 0.0038 ; Loss:  0.2327 ; Train Acc: 0.9247 time spend on train method = 11.76s
; Val. Acc: 0.8620 ; Best: 0.902427 time spend on validate method = 1.40s
Epoch: 33 ; lr: 0.0038 ; Loss:  0.1917 ; Train Acc: 0.9344 time spend on train method = 11.75s
; Val. Acc: 0.8539 ; Best: 0.902427 time spend on validate method = 1.40s
Epoch: 34 ; lr: 0.0038 ; Loss:  0.1761 ; Train Acc: 0.9419 time spend on train method = 11.75s
; Val. Acc: 0.8433 ; Best: 0.902427 time spend on validate method = 1.40s
Epoch: 35 ; lr: 0.0038 ; Loss:  0.1980 ; Train Acc: 0.9361 time spend on train method = 11.82s
; Val. Acc: 0.6593 ; Best: 0.902427 time spend on validate method = 1.40s
Epoch: 36 ; lr: 0.0038 ; Loss:  0.1945 ; Train Acc: 0.9381 time spend on train method = 11.82s
; Val. Acc: 0.8716 ; Best: 0.902427 time spend on validate method = 1.40s
Epoch: 37 ; lr: 0.0038 ; Loss:  0.1608 ; Train Acc: 0.9468 time spend on train method = 11.80s
; Val. Acc: 0.8792 ; Best: 0.902427 time spend on validate method = 1.41s
Epoch: 38 ; lr: 0.0038 ; Loss:  0.2087 ; Train Acc: 0.9328 time spend on train method = 11.75s
; Val. Acc: 0.8488 ; Best: 0.902427 time spend on validate method = 1.42s
Epoch: 39 ; lr: 0.0038 ; Loss:  0.1792 ; Train Acc: 0.9403 time spend on train method = 11.77s
; Val. Acc: 0.8999 ; Best: 0.902427 time spend on validate method = 1.41s
Epoch: 40 ; lr: 0.0038 ; Loss:  0.1499 ; Train Acc: 0.9486 time spend on train method = 11.75s
; Val. Acc: 0.9090 ; Best: 0.908999 time spend on validate method = 1.41s
Epoch: 41 ; lr: 0.0038 ; Loss:  0.1289 ; Train Acc: 0.9556 time spend on train method = 11.77s
; Val. Acc: 0.9029 ; Best: 0.908999 time spend on validate method = 1.41s
Epoch: 42 ; lr: 0.0038 ; Loss:  0.1560 ; Train Acc: 0.9478 time spend on train method = 11.79s
; Val. Acc: 0.8600 ; Best: 0.908999 time spend on validate method = 1.40s
Epoch: 43 ; lr: 0.0038 ; Loss:  0.1836 ; Train Acc: 0.9392 time spend on train method = 11.83s
; Val. Acc: 0.8953 ; Best: 0.908999 time spend on validate method = 1.40s
Epoch: 44 ; lr: 0.0038 ; Loss:  0.1640 ; Train Acc: 0.9431 time spend on train method = 11.79s
; Val. Acc: 0.7012 ; Best: 0.908999 time spend on validate method = 1.40s
Epoch: 45 ; lr: 0.0038 ; Loss:  0.1367 ; Train Acc: 0.9548 time spend on train method = 11.77s
; Val. Acc: 0.8953 ; Best: 0.908999 time spend on validate method = 1.39s
Epoch: 46 ; lr: 0.0038 ; Loss:  0.1483 ; Train Acc: 0.9504 time spend on train method = 11.86s
; Val. Acc: 0.8822 ; Best: 0.908999 time spend on validate method = 1.40s
Epoch: 47 ; lr: 0.0038 ; Loss:  0.1357 ; Train Acc: 0.9521 time spend on train method = 11.78s
; Val. Acc: 0.9226 ; Best: 0.922649 time spend on validate method = 1.41s
Epoch: 48 ; lr: 0.0038 ; Loss:  0.1495 ; Train Acc: 0.9488 time spend on train method = 11.70s
; Val. Acc: 0.8999 ; Best: 0.922649 time spend on validate method = 1.39s
Epoch: 49 ; lr: 0.0038 ; Loss:  0.1382 ; Train Acc: 0.9533 time spend on train method = 11.77s
; Val. Acc: 0.8787 ; Best: 0.922649 time spend on validate method = 1.40s
Epoch: 50 ; lr: 0.0038 ; Loss:  0.1172 ; Train Acc: 0.9590 time spend on train method = 11.76s
; Val. Acc: 0.8933 ; Best: 0.922649 time spend on validate method = 1.40s
Epoch: 51 ; lr: 0.0038 ; Loss:  0.1092 ; Train Acc: 0.9624 time spend on train method = 11.76s
; Val. Acc: 0.9070 ; Best: 0.922649 time spend on validate method = 1.41s
Epoch: 52 ; lr: 0.0038 ; Loss:  0.1195 ; Train Acc: 0.9587 time spend on train method = 11.75s
; Val. Acc: 0.8761 ; Best: 0.922649 time spend on validate method = 1.43s
Epoch: 53 ; lr: 0.0038 ; Loss:  0.1248 ; Train Acc: 0.9574 time spend on train method = 11.71s
; Val. Acc: 0.8913 ; Best: 0.922649 time spend on validate method = 1.40s
Epoch: 54 ; lr: 0.0038 ; Loss:  0.1436 ; Train Acc: 0.9527 time spend on train method = 11.85s
; Val. Acc: 0.4788 ; Best: 0.922649 time spend on validate method = 1.42s
Epoch: 55 ; lr: 0.0038 ; Loss:  0.2411 ; Train Acc: 0.9269 time spend on train method = 11.76s
; Val. Acc: 0.9141 ; Best: 0.922649 time spend on validate method = 1.40s
Epoch: 56 ; lr: 0.0038 ; Loss:  0.1210 ; Train Acc: 0.9586 time spend on train method = 11.76s
; Val. Acc: 0.9196 ; Best: 0.922649 time spend on validate method = 1.40s
Epoch: 57 ; lr: 0.0038 ; Loss:  0.0847 ; Train Acc: 0.9693 time spend on train method = 11.77s
; Val. Acc: 0.9211 ; Best: 0.922649 time spend on validate method = 1.40s
Epoch: 58 ; lr: 0.0038 ; Loss:  0.0946 ; Train Acc: 0.9664 time spend on train method = 11.80s
; Val. Acc: 0.8094 ; Best: 0.922649 time spend on validate method = 1.40s
Epoch: 59 ; lr: 0.0038 ; Loss:  0.1218 ; Train Acc: 0.9585 time spend on train method = 11.77s
; Val. Acc: 0.9252 ; Best: 0.925177 time spend on validate method = 1.40s
Epoch: 60 ; lr: 0.0038 ; Loss:  0.1028 ; Train Acc: 0.9660 time spend on train method = 11.87s
; Val. Acc: 0.9085 ; Best: 0.925177 time spend on validate method = 1.39s
Epoch: 61 ; lr: 0.0038 ; Loss:  0.1120 ; Train Acc: 0.9600 time spend on train method = 11.81s
; Val. Acc: 0.9171 ; Best: 0.925177 time spend on validate method = 1.41s
Epoch: 62 ; lr: 0.0038 ; Loss:  0.1101 ; Train Acc: 0.9622 time spend on train method = 11.79s
; Val. Acc: 0.9130 ; Best: 0.925177 time spend on validate method = 1.39s
Epoch: 63 ; lr: 0.0038 ; Loss:  0.0773 ; Train Acc: 0.9728 time spend on train method = 11.73s
; Val. Acc: 0.9019 ; Best: 0.925177 time spend on validate method = 1.41s
Epoch: 64 ; lr: 0.0038 ; Loss:  0.1014 ; Train Acc: 0.9642 time spend on train method = 11.83s
; Val. Acc: 0.9156 ; Best: 0.925177 time spend on validate method = 1.40s
Epoch: 65 ; lr: 0.0038 ; Loss:  0.1153 ; Train Acc: 0.9601 time spend on train method = 11.81s
; Val. Acc: 0.9065 ; Best: 0.925177 time spend on validate method = 1.41s
Epoch: 66 ; lr: 0.0038 ; Loss:  0.0714 ; Train Acc: 0.9746 time spend on train method = 11.80s
; Val. Acc: 0.9307 ; Best: 0.930738 time spend on validate method = 1.40s
Epoch: 67 ; lr: 0.0038 ; Loss:  0.0768 ; Train Acc: 0.9732 time spend on train method = 11.76s
; Val. Acc: 0.9312 ; Best: 0.931244 time spend on validate method = 1.42s
Epoch: 68 ; lr: 0.0038 ; Loss:  0.0910 ; Train Acc: 0.9704 time spend on train method = 11.81s
; Val. Acc: 0.8928 ; Best: 0.931244 time spend on validate method = 1.42s
Epoch: 69 ; lr: 0.0038 ; Loss:  0.0940 ; Train Acc: 0.9687 time spend on train method = 11.79s
; Val. Acc: 0.8918 ; Best: 0.931244 time spend on validate method = 1.40s
Epoch: 70 ; lr: 0.0038 ; Loss:  0.0990 ; Train Acc: 0.9651 time spend on train method = 11.87s
; Val. Acc: 0.8923 ; Best: 0.931244 time spend on validate method = 1.40s
Epoch: 71 ; lr: 0.0038 ; Loss:  0.0915 ; Train Acc: 0.9686 time spend on train method = 11.75s
; Val. Acc: 0.9019 ; Best: 0.931244 time spend on validate method = 1.40s
Epoch: 72 ; lr: 0.0038 ; Loss:  0.0863 ; Train Acc: 0.9698 time spend on train method = 11.77s
; Val. Acc: 0.8903 ; Best: 0.931244 time spend on validate method = 1.45s
Epoch: 73 ; lr: 0.0038 ; Loss:  0.0856 ; Train Acc: 0.9699 time spend on train method = 11.78s
; Val. Acc: 0.9004 ; Best: 0.931244 time spend on validate method = 1.40s
Epoch: 74 ; lr: 0.0038 ; Loss:  0.0725 ; Train Acc: 0.9755 time spend on train method = 11.79s
; Val. Acc: 0.9247 ; Best: 0.931244 time spend on validate method = 1.42s
Epoch: 75 ; lr: 0.0038 ; Loss:  0.0892 ; Train Acc: 0.9703 time spend on train method = 11.78s
; Val. Acc: 0.9226 ; Best: 0.931244 time spend on validate method = 1.40s
Epoch: 76 ; lr: 0.0038 ; Loss:  0.0844 ; Train Acc: 0.9707 time spend on train method = 11.77s
; Val. Acc: 0.9201 ; Best: 0.931244 time spend on validate method = 1.41s
Epoch: 77 ; lr: 0.0038 ; Loss:  0.0773 ; Train Acc: 0.9732 time spend on train method = 11.79s
; Val. Acc: 0.9267 ; Best: 0.931244 time spend on validate method = 1.40s
Epoch: 78 ; lr: 0.0038 ; Loss:  0.0637 ; Train Acc: 0.9797 time spend on train method = 11.79s
; Val. Acc: 0.9307 ; Best: 0.931244 time spend on validate method = 1.41s
Epoch: 79 ; lr: 0.0038 ; Loss:  0.0746 ; Train Acc: 0.9747 time spend on train method = 11.83s
; Val. Acc: 0.9323 ; Best: 0.932255 time spend on validate method = 1.40s
Epoch: 80 ; lr: 0.0038 ; Loss:  0.0984 ; Train Acc: 0.9676 time spend on train method = 11.76s
; Val. Acc: 0.9055 ; Best: 0.932255 time spend on validate method = 1.40s
Epoch: 81 ; lr: 0.0038 ; Loss:  0.0763 ; Train Acc: 0.9726 time spend on train method = 11.85s
; Val. Acc: 0.9424 ; Best: 0.942366 time spend on validate method = 1.41s
Epoch: 82 ; lr: 0.0038 ; Loss:  0.0793 ; Train Acc: 0.9746 time spend on train method = 11.78s
; Val. Acc: 0.9060 ; Best: 0.942366 time spend on validate method = 1.40s
Epoch: 83 ; lr: 0.0038 ; Loss:  0.0476 ; Train Acc: 0.9833 time spend on train method = 11.84s
; Val. Acc: 0.9075 ; Best: 0.942366 time spend on validate method = 1.40s
Epoch: 84 ; lr: 0.0038 ; Loss:  0.0568 ; Train Acc: 0.9793 time spend on train method = 11.75s
; Val. Acc: 0.8868 ; Best: 0.942366 time spend on validate method = 1.42s
Epoch: 85 ; lr: 0.0038 ; Loss:  0.0753 ; Train Acc: 0.9755 time spend on train method = 12.58s
; Val. Acc: 0.9206 ; Best: 0.942366 time spend on validate method = 1.49s
Epoch: 86 ; lr: 0.0038 ; Loss:  0.0865 ; Train Acc: 0.9700 time spend on train method = 13.95s
; Val. Acc: 0.9014 ; Best: 0.942366 time spend on validate method = 1.46s
Epoch: 87 ; lr: 0.0038 ; Loss:  0.0592 ; Train Acc: 0.9793 time spend on train method = 14.24s
; Val. Acc: 0.9252 ; Best: 0.942366 time spend on validate method = 1.46s
Epoch: 88 ; lr: 0.0038 ; Loss:  0.0847 ; Train Acc: 0.9739 time spend on train method = 14.19s
; Val. Acc: 0.9141 ; Best: 0.942366 time spend on validate method = 1.44s
Epoch: 89 ; lr: 0.0038 ; Loss:  0.2172 ; Train Acc: 0.9381 time spend on train method = 14.14s
; Val. Acc: 0.9211 ; Best: 0.942366 time spend on validate method = 1.46s
Epoch: 90 ; lr: 0.0038 ; Loss:  0.0722 ; Train Acc: 0.9768 time spend on train method = 14.09s
; Val. Acc: 0.9146 ; Best: 0.942366 time spend on validate method = 1.44s
Epoch: 91 ; lr: 0.0038 ; Loss:  0.0417 ; Train Acc: 0.9859 time spend on train method = 13.90s
; Val. Acc: 0.9408 ; Best: 0.942366 time spend on validate method = 1.46s
Epoch: 92 ; lr: 0.0038 ; Loss:  0.0417 ; Train Acc: 0.9853 time spend on train method = 14.02s
; Val. Acc: 0.9141 ; Best: 0.942366 time spend on validate method = 1.43s
Epoch: 93 ; lr: 0.0038 ; Loss:  0.0527 ; Train Acc: 0.9813 time spend on train method = 13.86s
; Val. Acc: 0.9464 ; Best: 0.946411 time spend on validate method = 1.45s
Epoch: 94 ; lr: 0.0038 ; Loss:  0.0411 ; Train Acc: 0.9860 time spend on train method = 13.87s
; Val. Acc: 0.9247 ; Best: 0.946411 time spend on validate method = 1.44s
Epoch: 95 ; lr: 0.0038 ; Loss:  0.0532 ; Train Acc: 0.9814 time spend on train method = 13.97s
; Val. Acc: 0.9039 ; Best: 0.946411 time spend on validate method = 1.44s
Epoch: 96 ; lr: 0.0038 ; Loss:  0.1673 ; Train Acc: 0.9537 time spend on train method = 14.03s
; Val. Acc: 0.9282 ; Best: 0.946411 time spend on validate method = 1.47s
Epoch: 97 ; lr: 0.0038 ; Loss:  0.0622 ; Train Acc: 0.9783 time spend on train method = 13.87s
; Val. Acc: 0.8847 ; Best: 0.946411 time spend on validate method = 1.46s
Epoch: 98 ; lr: 0.0038 ; Loss:  0.0366 ; Train Acc: 0.9882 time spend on train method = 14.06s
; Val. Acc: 0.9328 ; Best: 0.946411 time spend on validate method = 1.46s
Epoch: 99 ; lr: 0.0038 ; Loss:  0.0286 ; Train Acc: 0.9894 time spend on train method = 13.96s
; Val. Acc: 0.9120 ; Best: 0.946411 time spend on validate method = 1.45s
Epoch: 100 ; lr: 0.0038 ; Loss:  0.0406 ; Train Acc: 0.9858 time spend on train method = 14.00s
; Val. Acc: 0.8974 ; Best: 0.946411 time spend on validate method = 1.44s
